[10:35:19.788] [INFO] storybook v10.2.0
[10:35:20.109] [DEBUG] Getting package.json info for C:/Users/davin/Documents/Web Design/boreal-ui/package.json...
[10:35:21.280] [DEBUG] Serving static files from [36mnode_modules/@chromatic-com/storybook/assets[39m at [36m/addon-visual-tests-assets[39m
[10:35:21.280] [INFO] Starting...
[10:35:21.969] [DEBUG] Starting preview..
[10:35:22.002] [INFO] Addon-docs: using MDX3
[10:35:22.028] [INFO] Using implicit CSS loaders
[10:35:22.392] [INFO] Using SWC as compiler
[10:35:22.526] [INFO] Using default Webpack5 setup
[10:35:23.141] [DEBUG] Using tsconfig paths for react-docgen
[10:35:34.254] [ERROR] Failed to build the preview
[10:35:34.256] [WARN] Force closed preview build
[10:35:34.257] [ERROR] [38;2;241;97;97mSB_BUILDER-WEBPACK5_0003 (WebpackCompilationError): There were problems when compiling your code with Webpack.
Run Storybook with --debug-webpack for more information.[39m
    at starter (file:///C:/Users/davin/Documents/Web%20Design/boreal-ui/node_modules/@storybook/builder-webpack5/dist/index.js:799:11)
    at starter.next (<anonymous>)
    at Module.start (file:///C:/Users/davin/Documents/Web%20Design/boreal-ui/node_modules/@storybook/builder-webpack5/dist/index.js:857:34)
    at process.processTicksAndRejections (node:internal/process/task_queues:105:5)
    at async storybookDevServer (file:///C:/Users/davin/Documents/Web%20Design/boreal-ui/node_modules/storybook/dist/core-server/index.js:7207:83)
    at async buildOrThrow (file:///C:/Users/davin/Documents/Web%20Design/boreal-ui/node_modules/storybook/dist/core-server/index.js:4504:12)
    at async buildDevStandalone (file:///C:/Users/davin/Documents/Web%20Design/boreal-ui/node_modules/storybook/dist/core-server/index.js:7577:66)
    at async withTelemetry (file:///C:/Users/davin/Documents/Web%20Design/boreal-ui/node_modules/storybook/dist/_node-chunks/chunk-5T2PCIM6.js:218:12)
    at async dev (file:///C:/Users/davin/Documents/Web%20Design/boreal-ui/node_modules/storybook/dist/bin/core.js:2734:3)
    at async _Command.<anonymous> (file:///C:/Users/davin/Documents/Web%20Design/boreal-ui/node_modules/storybook/dist/bin/core.js:2801:92)
[10:35:34.261] [WARN] Broken build, fix the error above.
You may need to refresh the browser.